[handleMsg]:  {
  key: {
    remoteJid: '5213321745588@s.whatsapp.net',
    fromMe: false,
    id: '3EB0EAE2CC78F72FD29587',
    participant: undefined
  },
  messageTimestamp: 1727139511,
  pushName: 'Santiago',
  broadcast: false,
  message: Message {
    conversation: 'Hola',
    messageContextInfo: MessageContextInfo {
      deviceListMetadata: [DeviceListMetadata],
      deviceListMetadataVersion: 2,
      messageSecret: [Uint8Array]
    }
  },
  body: 'Hola',
  from: '5213321745588'
}
[QUEUE_SE_ENVIO]:  {
  ref: 'ans_45b10fb3-83e0-4c9b-bab4-d13c53230d11',
  keyword: 'key_5da978a4-8bed-4503-bb8f-e936e99fddba',
  answer: 'Gracias por comunicarte con Terraza Barcelona\n' +
    '\n' +
    '쮺칩mo podemos ayudarte?\n' +
    '\n' +
    '游녤 Escribe *info* para ver informaci칩n de la Terraza\n' +
    '\n' +
    '游 [M치s informaci칩n](https://wa.me/523332395812?text=info)\n' +
    '\n' +
    '쯊ienes alguna otra consulta? por favor escr칤bela y te atenderemos pronto.',
  options: {
    media: null,
    buttons: [],
    capture: true,
    child: null,
    delay: 3000,
    idle: null,
    ref: null,
    nested: [],
    keyword: {},
    callback: true
  },
  refSerialize: 'ddd4163f4bd675fc41716aa7bc6ac91a'
}
[handleMsg]:  {
  key: {
    remoteJid: '5213321745588@s.whatsapp.net',
    fromMe: false,
    id: '3EB0B78AF85E54CC9ACFE9',
    participant: undefined
  },
  messageTimestamp: 1727139523,
  pushName: 'Santiago',
  broadcast: false,
  message: Message {
    conversation: 'quiero saber sobre fechas',
    messageContextInfo: MessageContextInfo {
      deviceListMetadata: [DeviceListMetadata],
      deviceListMetadataVersion: 2,
      messageSecret: [Uint8Array]
    }
  },
  body: 'quiero saber sobre fechas',
  from: '5213321745588'
}
[handleMsg]:  {
  key: {
    remoteJid: '5213321745588@s.whatsapp.net',
    fromMe: false,
    id: '3EB013BCD8DA41AE962955',
    participant: undefined
  },
  messageTimestamp: 1727139530,
  pushName: 'Santiago',
  broadcast: false,
  message: Message {
    conversation: 'gracias',
    messageContextInfo: MessageContextInfo {
      deviceListMetadata: [DeviceListMetadata],
      deviceListMetadataVersion: 2,
      messageSecret: [Uint8Array]
    }
  },
  body: 'gracias',
  from: '5213321745588'
}
[handleMsg]:  {
  key: {
    remoteJid: '5213321745588@s.whatsapp.net',
    fromMe: false,
    id: '3EB0F9E157E17DA03B0933',
    participant: undefined
  },
  messageTimestamp: 1727139537,
  pushName: 'Santiago',
  broadcast: false,
  message: Message {
    conversation: 'menu',
    messageContextInfo: MessageContextInfo {
      deviceListMetadata: [DeviceListMetadata],
      deviceListMetadataVersion: 2,
      messageSecret: [Uint8Array]
    }
  },
  body: 'menu',
  from: '5213321745588'
}
[handleMsg]:  {
  key: {
    remoteJid: '5213321745588@s.whatsapp.net',
    fromMe: false,
    id: '3EB09356C981DF07A7EE96',
    participant: undefined
  },
  messageTimestamp: 1727139545,
  pushName: 'Santiago',
  broadcast: false,
  message: Message {
    conversation: 'info',
    messageContextInfo: MessageContextInfo {
      deviceListMetadata: [DeviceListMetadata],
      deviceListMetadataVersion: 2,
      messageSecret: [Uint8Array]
    }
  },
  body: 'info',
  from: '5213321745588'
}
[handleMsg]:  {
  key: {
    remoteJid: '5213321745588@s.whatsapp.net',
    fromMe: false,
    id: '3EB0FC7E6B5A02467EC707',
    participant: undefined
  },
  messageTimestamp: 1727139552,
  pushName: 'Santiago',
  broadcast: false,
  message: Message {
    conversation: 'gracias',
    messageContextInfo: MessageContextInfo {
      deviceListMetadata: [DeviceListMetadata],
      deviceListMetadataVersion: 2,
      messageSecret: [Uint8Array]
    }
  },
  body: 'gracias',
  from: '5213321745588'
}
[QUEUE_SE_ENVIO]:  {
  ref: 'ans_45b10fb3-83e0-4c9b-bab4-d13c53230d11',
  keyword: 'key_5da978a4-8bed-4503-bb8f-e936e99fddba',
  answer: 'Gracias por comunicarte con Terraza Barcelona\n' +
    '\n' +
    '쮺칩mo podemos ayudarte?\n' +
    '\n' +
    '游녤 Escribe *info* para ver informaci칩n de la Terraza\n' +
    '\n' +
    '游 [M치s informaci칩n](https://wa.me/523332395812?text=info)\n' +
    '\n' +
    '쯊ienes alguna otra consulta? por favor escr칤bela y te atenderemos pronto.',
  options: {
    media: null,
    buttons: [],
    capture: true,
    child: null,
    delay: 3000,
    idle: null,
    ref: null,
    nested: [],
    keyword: {},
    callback: true
  },
  refSerialize: 'ddd4163f4bd675fc41716aa7bc6ac91a'
}
[handleMsg]:  {
  key: {
    remoteJid: '5213321745588@s.whatsapp.net',
    fromMe: false,
    id: '3EB0ECD56AA06EBF5C7BF8',
    participant: undefined
  },
  messageTimestamp: 1727139561,
  pushName: 'Santiago',
  broadcast: false,
  message: Message {
    conversation: 'inf',
    messageContextInfo: MessageContextInfo {
      deviceListMetadata: [DeviceListMetadata],
      deviceListMetadataVersion: 2,
      messageSecret: [Uint8Array]
    }
  },
  body: 'inf',
  from: '5213321745588'
}
[handleMsg]:  {
  key: {
    remoteJid: '5213321745588@s.whatsapp.net',
    fromMe: false,
    id: '3EB05EB495EBC48DCF3AD0',
    participant: undefined
  },
  messageTimestamp: 1727139568,
  pushName: 'Santiago',
  broadcast: false,
  message: Message {
    conversation: 'menu',
    messageContextInfo: MessageContextInfo {
      deviceListMetadata: [DeviceListMetadata],
      deviceListMetadataVersion: 2,
      messageSecret: [Uint8Array]
    }
  },
  body: 'menu',
  from: '5213321745588'
}
[handleMsg]:  {
  key: {
    remoteJid: '5213321745588@s.whatsapp.net',
    fromMe: false,
    id: '3EB041029FB452C2763C16',
    participant: undefined
  },
  messageTimestamp: 1727139574,
  pushName: 'Santiago',
  broadcast: false,
  message: Message {
    conversation: 'info',
    messageContextInfo: MessageContextInfo {
      deviceListMetadata: [DeviceListMetadata],
      deviceListMetadataVersion: 2,
      messageSecret: [Uint8Array]
    }
  },
  body: 'info',
  from: '5213321745588'
}
[handleMsg]:  {
  key: {
    remoteJid: '5213321745588@s.whatsapp.net',
    fromMe: false,
    id: '3EB0FDF746605F089FFF91',
    participant: undefined
  },
  messageTimestamp: 1727139584,
  pushName: 'Santiago',
  broadcast: false,
  message: Message {
    conversation: 'sobre la sjsnmns',
    messageContextInfo: MessageContextInfo {
      deviceListMetadata: [DeviceListMetadata],
      deviceListMetadataVersion: 2,
      messageSecret: [Uint8Array]
    }
  },
  body: 'sobre la sjsnmns',
  from: '5213321745588'
}
